Cache sync 1 at Sun Apr 26 12:53:31 UTC 2026
Cache sync 2 at Sun Apr 26 12:53:31 UTC 2026
Cache sync 3 at Sun Apr 26 12:53:31 UTC 2026
Cache sync 4 at Sun Apr 26 12:53:31 UTC 2026
Cache sync 5 at Sun Apr 26 12:53:31 UTC 2026
Cache sync 1 at Mon Apr 27 02:09:48 UTC 2026
Cache sync 2 at Mon Apr 27 02:09:48 UTC 2026
Cache sync 3 at Mon Apr 27 02:09:48 UTC 2026
Cache sync 4 at Mon Apr 27 02:09:48 UTC 2026
Cache sync 5 at Mon Apr 27 02:09:48 UTC 2026
Cache sync 6 at Mon Apr 27 02:09:48 UTC 2026
Cache sync 7 at Mon Apr 27 02:09:48 UTC 2026
Cache sync 8 at Mon Apr 27 02:09:48 UTC 2026
Cache sync 9 at Mon Apr 27 02:09:48 UTC 2026
Cache sync 10 at Mon Apr 27 02:09:48 UTC 2026
Cache sync 11 at Mon Apr 27 02:09:48 UTC 2026
Cache sync 12 at Mon Apr 27 02:09:48 UTC 2026
Cache sync 13 at Mon Apr 27 02:09:48 UTC 2026
Cache sync 14 at Mon Apr 27 02:09:48 UTC 2026
Cache sync 15 at Mon Apr 27 02:09:48 UTC 2026
Cache sync 16 at Mon Apr 27 02:09:48 UTC 2026
Cache sync 17 at Mon Apr 27 02:09:48 UTC 2026
Cache sync 18 at Mon Apr 27 02:09:48 UTC 2026
Cache sync 19 at Mon Apr 27 02:09:48 UTC 2026
Cache sync 20 at Mon Apr 27 02:09:48 UTC 2026
Cache sync 21 at Mon Apr 27 02:09:48 UTC 2026
Cache sync 22 at Mon Apr 27 02:09:48 UTC 2026
Cache sync 23 at Mon Apr 27 02:09:48 UTC 2026
Cache sync 24 at Mon Apr 27 02:09:48 UTC 2026
Cache sync 25 at Mon Apr 27 02:09:48 UTC 2026
Cache sync 26 at Mon Apr 27 02:09:48 UTC 2026
Cache sync 27 at Mon Apr 27 02:09:48 UTC 2026
Cache sync 28 at Mon Apr 27 02:09:48 UTC 2026
Cache sync 29 at Mon Apr 27 02:09:48 UTC 2026
Cache sync 30 at Mon Apr 27 02:09:48 UTC 2026
Cache sync 31 at Mon Apr 27 02:09:48 UTC 2026
Cache sync 32 at Mon Apr 27 02:09:48 UTC 2026
Cache sync 33 at Mon Apr 27 02:09:48 UTC 2026
Cache sync 34 at Mon Apr 27 02:09:48 UTC 2026
Cache sync 35 at Mon Apr 27 02:09:48 UTC 2026
Cache sync 36 at Mon Apr 27 02:09:48 UTC 2026
Cache sync 37 at Mon Apr 27 02:09:48 UTC 2026
Cache sync 38 at Mon Apr 27 02:09:48 UTC 2026
Cache sync 39 at Mon Apr 27 02:09:48 UTC 2026
Cache sync 40 at Mon Apr 27 02:09:48 UTC 2026
Cache sync 41 at Mon Apr 27 02:09:48 UTC 2026
Cache sync 42 at Mon Apr 27 02:09:48 UTC 2026
Cache sync 43 at Mon Apr 27 02:09:48 UTC 2026
Cache sync 44 at Mon Apr 27 02:09:48 UTC 2026
Cache sync 45 at Mon Apr 27 02:09:48 UTC 2026
Cache sync 46 at Mon Apr 27 02:09:48 UTC 2026
Cache sync 47 at Mon Apr 27 02:09:48 UTC 2026
Cache sync 48 at Mon Apr 27 02:09:48 UTC 2026
Cache sync 49 at Mon Apr 27 02:09:48 UTC 2026
Cache sync 1 at Mon Apr 27 13:25:39 UTC 2026
Cache sync 2 at Mon Apr 27 13:25:39 UTC 2026
Cache sync 3 at Mon Apr 27 13:25:39 UTC 2026
Cache sync 1 at Wed Apr 29 02:25:54 UTC 2026
Cache sync 2 at Wed Apr 29 02:25:54 UTC 2026
Cache sync 3 at Wed Apr 29 02:25:54 UTC 2026
Cache sync 4 at Wed Apr 29 02:25:54 UTC 2026
Cache sync 5 at Wed Apr 29 02:25:54 UTC 2026
Cache sync 6 at Wed Apr 29 02:25:54 UTC 2026
Cache sync 7 at Wed Apr 29 02:25:54 UTC 2026
Cache sync 8 at Wed Apr 29 02:25:54 UTC 2026
Cache sync 9 at Wed Apr 29 02:25:54 UTC 2026
Cache sync 1 at Wed Apr 29 13:43:23 UTC 2026
Cache sync 2 at Wed Apr 29 13:43:23 UTC 2026
Cache sync 3 at Wed Apr 29 13:43:23 UTC 2026
Cache sync 4 at Wed Apr 29 13:43:23 UTC 2026
Cache sync 5 at Wed Apr 29 13:43:23 UTC 2026
Cache sync 6 at Wed Apr 29 13:43:23 UTC 2026
Cache sync 7 at Wed Apr 29 13:43:23 UTC 2026
Cache sync 8 at Wed Apr 29 13:43:23 UTC 2026
Cache sync 9 at Wed Apr 29 13:43:23 UTC 2026
Cache sync 10 at Wed Apr 29 13:43:23 UTC 2026
Cache sync 11 at Wed Apr 29 13:43:23 UTC 2026
Cache sync 12 at Wed Apr 29 13:43:23 UTC 2026
Cache sync 13 at Wed Apr 29 13:43:23 UTC 2026
Cache sync 14 at Wed Apr 29 13:43:23 UTC 2026
Cache sync 15 at Wed Apr 29 13:43:23 UTC 2026
Cache sync 16 at Wed Apr 29 13:43:23 UTC 2026
Cache sync 17 at Wed Apr 29 13:43:23 UTC 2026
Cache sync 18 at Wed Apr 29 13:43:23 UTC 2026
Cache sync 19 at Wed Apr 29 13:43:23 UTC 2026
Cache sync 20 at Wed Apr 29 13:43:23 UTC 2026
Cache sync 21 at Wed Apr 29 13:43:23 UTC 2026
Cache sync 22 at Wed Apr 29 13:43:23 UTC 2026
Cache sync 23 at Wed Apr 29 13:43:23 UTC 2026
Cache sync 24 at Wed Apr 29 13:43:23 UTC 2026
Cache sync 25 at Wed Apr 29 13:43:23 UTC 2026
Cache sync 26 at Wed Apr 29 13:43:23 UTC 2026
Cache sync 27 at Wed Apr 29 13:43:23 UTC 2026
Cache sync 28 at Wed Apr 29 13:43:23 UTC 2026
Cache sync 29 at Wed Apr 29 13:43:23 UTC 2026
Cache sync 30 at Wed Apr 29 13:43:23 UTC 2026
Cache sync 31 at Wed Apr 29 13:43:23 UTC 2026
Cache sync 32 at Wed Apr 29 13:43:23 UTC 2026
Cache sync 33 at Wed Apr 29 13:43:23 UTC 2026
Cache sync 34 at Wed Apr 29 13:43:23 UTC 2026
Cache sync 35 at Wed Apr 29 13:43:23 UTC 2026
Cache sync 36 at Wed Apr 29 13:43:23 UTC 2026
Cache sync 37 at Wed Apr 29 13:43:23 UTC 2026
Cache sync 38 at Wed Apr 29 13:43:23 UTC 2026
Cache sync 39 at Wed Apr 29 13:43:23 UTC 2026
Cache sync 40 at Wed Apr 29 13:43:23 UTC 2026
Cache sync 41 at Wed Apr 29 13:43:23 UTC 2026
Cache sync 42 at Wed Apr 29 13:43:23 UTC 2026
Cache sync 43 at Wed Apr 29 13:43:23 UTC 2026
Cache sync 44 at Wed Apr 29 13:43:23 UTC 2026
Cache sync 45 at Wed Apr 29 13:43:23 UTC 2026
Cache sync 1 at Thu Apr 30 02:26:54 UTC 2026
Cache sync 2 at Thu Apr 30 02:26:54 UTC 2026
Cache sync 3 at Thu Apr 30 02:26:54 UTC 2026
Cache sync 4 at Thu Apr 30 02:26:54 UTC 2026
Cache sync 5 at Thu Apr 30 02:26:54 UTC 2026
Cache sync 6 at Thu Apr 30 02:26:54 UTC 2026
Cache sync 7 at Thu Apr 30 02:26:54 UTC 2026
Cache sync 8 at Thu Apr 30 02:26:54 UTC 2026
Cache sync 9 at Thu Apr 30 02:26:54 UTC 2026
Cache sync 10 at Thu Apr 30 02:26:54 UTC 2026
Cache sync 11 at Thu Apr 30 02:26:54 UTC 2026
Cache sync 12 at Thu Apr 30 02:26:54 UTC 2026
Cache sync 13 at Thu Apr 30 02:26:54 UTC 2026
Cache sync 14 at Thu Apr 30 02:26:54 UTC 2026
Cache sync 15 at Thu Apr 30 02:26:54 UTC 2026
Cache sync 16 at Thu Apr 30 02:26:54 UTC 2026
Cache sync 17 at Thu Apr 30 02:26:54 UTC 2026
Cache sync 18 at Thu Apr 30 02:26:54 UTC 2026
Cache sync 19 at Thu Apr 30 02:26:54 UTC 2026
Cache sync 20 at Thu Apr 30 02:26:54 UTC 2026
Cache sync 21 at Thu Apr 30 02:26:54 UTC 2026
Cache sync 22 at Thu Apr 30 02:26:54 UTC 2026
Cache sync 23 at Thu Apr 30 02:26:54 UTC 2026
Cache sync 24 at Thu Apr 30 02:26:54 UTC 2026
Cache sync 25 at Thu Apr 30 02:26:54 UTC 2026
Cache sync 26 at Thu Apr 30 02:26:54 UTC 2026
Cache sync 27 at Thu Apr 30 02:26:54 UTC 2026
Cache sync 28 at Thu Apr 30 02:26:54 UTC 2026
Cache sync 29 at Thu Apr 30 02:26:54 UTC 2026
Cache sync 30 at Thu Apr 30 02:26:54 UTC 2026
Cache sync 31 at Thu Apr 30 02:26:54 UTC 2026
Cache sync 32 at Thu Apr 30 02:26:54 UTC 2026
Cache sync 33 at Thu Apr 30 02:26:54 UTC 2026
Cache sync 34 at Thu Apr 30 02:26:54 UTC 2026
Cache sync 35 at Thu Apr 30 02:26:54 UTC 2026
Cache sync 36 at Thu Apr 30 02:26:54 UTC 2026
Cache sync 37 at Thu Apr 30 02:26:54 UTC 2026
Cache sync 38 at Thu Apr 30 02:26:54 UTC 2026
Cache sync 39 at Thu Apr 30 02:26:54 UTC 2026
Cache sync 40 at Thu Apr 30 02:26:54 UTC 2026
Cache sync 41 at Thu Apr 30 02:26:54 UTC 2026
Cache sync 42 at Thu Apr 30 02:26:54 UTC 2026
Cache sync 43 at Thu Apr 30 02:26:54 UTC 2026
Cache sync 44 at Thu Apr 30 02:26:54 UTC 2026
Cache sync 45 at Thu Apr 30 02:26:54 UTC 2026
Cache sync 46 at Thu Apr 30 02:26:54 UTC 2026
Cache sync 47 at Thu Apr 30 02:26:54 UTC 2026
Cache sync 48 at Thu Apr 30 02:26:54 UTC 2026
Cache sync 49 at Thu Apr 30 02:26:54 UTC 2026
Cache sync 50 at Thu Apr 30 02:26:54 UTC 2026
Cache sync 51 at Thu Apr 30 02:26:54 UTC 2026
Cache sync 52 at Thu Apr 30 02:26:54 UTC 2026
Cache sync 53 at Thu Apr 30 02:26:54 UTC 2026
Cache sync 54 at Thu Apr 30 02:26:54 UTC 2026
Cache sync 55 at Thu Apr 30 02:26:54 UTC 2026
Cache sync 56 at Thu Apr 30 02:26:54 UTC 2026
Cache sync 57 at Thu Apr 30 02:26:54 UTC 2026
Cache sync 58 at Thu Apr 30 02:26:54 UTC 2026
Cache sync 59 at Thu Apr 30 02:26:54 UTC 2026
Cache sync 60 at Thu Apr 30 02:26:54 UTC 2026
Cache sync 1 at Thu Apr 30 13:28:32 UTC 2026
Cache sync 2 at Thu Apr 30 13:28:32 UTC 2026
Cache sync 3 at Thu Apr 30 13:28:32 UTC 2026
Cache sync 4 at Thu Apr 30 13:28:32 UTC 2026
Cache sync 5 at Thu Apr 30 13:28:32 UTC 2026
Cache sync 6 at Thu Apr 30 13:28:32 UTC 2026
Cache sync 7 at Thu Apr 30 13:28:32 UTC 2026
Cache sync 8 at Thu Apr 30 13:28:32 UTC 2026
Cache sync 9 at Thu Apr 30 13:28:32 UTC 2026
Cache sync 10 at Thu Apr 30 13:28:32 UTC 2026
Cache sync 11 at Thu Apr 30 13:28:32 UTC 2026
Cache sync 12 at Thu Apr 30 13:28:32 UTC 2026
Cache sync 13 at Thu Apr 30 13:28:33 UTC 2026
Cache sync 14 at Thu Apr 30 13:28:33 UTC 2026
Cache sync 15 at Thu Apr 30 13:28:33 UTC 2026
Cache sync 16 at Thu Apr 30 13:28:33 UTC 2026
Cache sync 17 at Thu Apr 30 13:28:33 UTC 2026
Cache sync 18 at Thu Apr 30 13:28:33 UTC 2026
Cache sync 19 at Thu Apr 30 13:28:33 UTC 2026
Cache sync 20 at Thu Apr 30 13:28:33 UTC 2026
Cache sync 21 at Thu Apr 30 13:28:33 UTC 2026
Cache sync 22 at Thu Apr 30 13:28:33 UTC 2026
Cache sync 23 at Thu Apr 30 13:28:33 UTC 2026
Cache sync 24 at Thu Apr 30 13:28:33 UTC 2026
Cache sync 25 at Thu Apr 30 13:28:33 UTC 2026
Cache sync 26 at Thu Apr 30 13:28:33 UTC 2026
Cache sync 27 at Thu Apr 30 13:28:33 UTC 2026
Cache sync 28 at Thu Apr 30 13:28:33 UTC 2026
Cache sync 29 at Thu Apr 30 13:28:33 UTC 2026
Cache sync 30 at Thu Apr 30 13:28:33 UTC 2026
Cache sync 31 at Thu Apr 30 13:28:33 UTC 2026
Cache sync 32 at Thu Apr 30 13:28:33 UTC 2026
Cache sync 33 at Thu Apr 30 13:28:33 UTC 2026
Cache sync 34 at Thu Apr 30 13:28:33 UTC 2026
Cache sync 35 at Thu Apr 30 13:28:33 UTC 2026
Cache sync 36 at Thu Apr 30 13:28:33 UTC 2026
Cache sync 37 at Thu Apr 30 13:28:33 UTC 2026
Cache sync 38 at Thu Apr 30 13:28:33 UTC 2026
Cache sync 39 at Thu Apr 30 13:28:33 UTC 2026
Cache sync 40 at Thu Apr 30 13:28:33 UTC 2026
Cache sync 41 at Thu Apr 30 13:28:33 UTC 2026
Cache sync 42 at Thu Apr 30 13:28:33 UTC 2026
Cache sync 43 at Thu Apr 30 13:28:33 UTC 2026
Cache sync 44 at Thu Apr 30 13:28:33 UTC 2026
Cache sync 45 at Thu Apr 30 13:28:33 UTC 2026
Cache sync 1 at Fri May  1 13:06:26 UTC 2026
Cache sync 2 at Fri May  1 13:06:26 UTC 2026
Cache sync 3 at Fri May  1 13:06:26 UTC 2026
Cache sync 4 at Fri May  1 13:06:26 UTC 2026
Cache sync 5 at Fri May  1 13:06:26 UTC 2026
Cache sync 6 at Fri May  1 13:06:26 UTC 2026
Cache sync 7 at Fri May  1 13:06:26 UTC 2026
Cache sync 8 at Fri May  1 13:06:26 UTC 2026
Cache sync 9 at Fri May  1 13:06:26 UTC 2026
Cache sync 10 at Fri May  1 13:06:26 UTC 2026
Cache sync 11 at Fri May  1 13:06:26 UTC 2026
Cache sync 12 at Fri May  1 13:06:26 UTC 2026
Cache sync 13 at Fri May  1 13:06:26 UTC 2026
Cache sync 14 at Fri May  1 13:06:26 UTC 2026
Cache sync 15 at Fri May  1 13:06:26 UTC 2026
Cache sync 16 at Fri May  1 13:06:26 UTC 2026
Cache sync 17 at Fri May  1 13:06:26 UTC 2026
Cache sync 18 at Fri May  1 13:06:26 UTC 2026
Cache sync 19 at Fri May  1 13:06:26 UTC 2026
Cache sync 20 at Fri May  1 13:06:26 UTC 2026
Cache sync 21 at Fri May  1 13:06:26 UTC 2026
Cache sync 22 at Fri May  1 13:06:26 UTC 2026
Cache sync 23 at Fri May  1 13:06:26 UTC 2026
Cache sync 24 at Fri May  1 13:06:26 UTC 2026
Cache sync 25 at Fri May  1 13:06:26 UTC 2026
Cache sync 26 at Fri May  1 13:06:26 UTC 2026
Cache sync 27 at Fri May  1 13:06:26 UTC 2026
Cache sync 28 at Fri May  1 13:06:26 UTC 2026
Cache sync 29 at Fri May  1 13:06:26 UTC 2026
Cache sync 30 at Fri May  1 13:06:26 UTC 2026
Cache sync 31 at Fri May  1 13:06:26 UTC 2026
Cache sync 32 at Fri May  1 13:06:26 UTC 2026
Cache sync 33 at Fri May  1 13:06:26 UTC 2026
Cache sync 34 at Fri May  1 13:06:26 UTC 2026
Cache sync 35 at Fri May  1 13:06:26 UTC 2026
Cache sync 36 at Fri May  1 13:06:26 UTC 2026
Cache sync 1 at Sat May  2 02:08:04 UTC 2026
Cache sync 2 at Sat May  2 02:08:04 UTC 2026
Cache sync 3 at Sat May  2 02:08:04 UTC 2026
Cache sync 4 at Sat May  2 02:08:04 UTC 2026
Cache sync 5 at Sat May  2 02:08:04 UTC 2026
Cache sync 6 at Sat May  2 02:08:04 UTC 2026
Cache sync 7 at Sat May  2 02:08:04 UTC 2026
Cache sync 8 at Sat May  2 02:08:04 UTC 2026
Cache sync 9 at Sat May  2 02:08:04 UTC 2026
Cache sync 10 at Sat May  2 02:08:04 UTC 2026
Cache sync 11 at Sat May  2 02:08:04 UTC 2026
Cache sync 12 at Sat May  2 02:08:04 UTC 2026
Cache sync 13 at Sat May  2 02:08:04 UTC 2026
Cache sync 14 at Sat May  2 02:08:04 UTC 2026
Cache sync 15 at Sat May  2 02:08:04 UTC 2026
Cache sync 16 at Sat May  2 02:08:04 UTC 2026
Cache sync 17 at Sat May  2 02:08:04 UTC 2026
Cache sync 18 at Sat May  2 02:08:04 UTC 2026
Cache sync 19 at Sat May  2 02:08:04 UTC 2026
Cache sync 20 at Sat May  2 02:08:04 UTC 2026
Cache sync 21 at Sat May  2 02:08:04 UTC 2026
Cache sync 22 at Sat May  2 02:08:04 UTC 2026
Cache sync 23 at Sat May  2 02:08:04 UTC 2026
Cache sync 24 at Sat May  2 02:08:04 UTC 2026
Cache sync 25 at Sat May  2 02:08:04 UTC 2026
Cache sync 26 at Sat May  2 02:08:04 UTC 2026
Cache sync 27 at Sat May  2 02:08:04 UTC 2026
Cache sync 28 at Sat May  2 02:08:04 UTC 2026
Cache sync 29 at Sat May  2 02:08:04 UTC 2026
Cache sync 30 at Sat May  2 02:08:04 UTC 2026
Cache sync 31 at Sat May  2 02:08:04 UTC 2026
Cache sync 32 at Sat May  2 02:08:04 UTC 2026
Cache sync 33 at Sat May  2 02:08:04 UTC 2026
Cache sync 34 at Sat May  2 02:08:04 UTC 2026
Cache sync 35 at Sat May  2 02:08:04 UTC 2026
Cache sync 36 at Sat May  2 02:08:04 UTC 2026
Cache sync 37 at Sat May  2 02:08:04 UTC 2026
Cache sync 38 at Sat May  2 02:08:04 UTC 2026
Cache sync 39 at Sat May  2 02:08:04 UTC 2026
Cache sync 40 at Sat May  2 02:08:04 UTC 2026
Cache sync 41 at Sat May  2 02:08:04 UTC 2026
Cache sync 42 at Sat May  2 02:08:04 UTC 2026
Cache sync 43 at Sat May  2 02:08:04 UTC 2026
Cache sync 44 at Sat May  2 02:08:04 UTC 2026
Cache sync 45 at Sat May  2 02:08:04 UTC 2026
Cache sync 46 at Sat May  2 02:08:04 UTC 2026
Cache sync 47 at Sat May  2 02:08:04 UTC 2026
Cache sync 48 at Sat May  2 02:08:04 UTC 2026
Cache sync 49 at Sat May  2 02:08:04 UTC 2026
Cache sync 50 at Sat May  2 02:08:04 UTC 2026
Cache sync 51 at Sat May  2 02:08:04 UTC 2026
Cache sync 52 at Sat May  2 02:08:04 UTC 2026
Cache sync 53 at Sat May  2 02:08:04 UTC 2026
Cache sync 54 at Sat May  2 02:08:04 UTC 2026
Cache sync 55 at Sat May  2 02:08:04 UTC 2026
Cache sync 56 at Sat May  2 02:08:04 UTC 2026
Cache sync 57 at Sat May  2 02:08:04 UTC 2026
Cache sync 58 at Sat May  2 02:08:04 UTC 2026
Cache sync 59 at Sat May  2 02:08:04 UTC 2026
Cache sync 60 at Sat May  2 02:08:05 UTC 2026
Cache sync 61 at Sat May  2 02:08:05 UTC 2026
Cache sync 62 at Sat May  2 02:08:05 UTC 2026
Cache sync 63 at Sat May  2 02:08:05 UTC 2026
Cache sync 64 at Sat May  2 02:08:05 UTC 2026
Cache sync 65 at Sat May  2 02:08:05 UTC 2026
Cache sync 66 at Sat May  2 02:08:05 UTC 2026
Cache sync 67 at Sat May  2 02:08:05 UTC 2026
Cache sync 68 at Sat May  2 02:08:05 UTC 2026
Cache sync 69 at Sat May  2 02:08:05 UTC 2026
Cache sync 70 at Sat May  2 02:08:05 UTC 2026
Cache sync 71 at Sat May  2 02:08:05 UTC 2026
Cache sync 72 at Sat May  2 02:08:05 UTC 2026
Cache sync 73 at Sat May  2 02:08:05 UTC 2026
Cache sync 74 at Sat May  2 02:08:05 UTC 2026
Cache sync 75 at Sat May  2 02:08:05 UTC 2026
Cache sync 76 at Sat May  2 02:08:05 UTC 2026
Cache sync 77 at Sat May  2 02:08:05 UTC 2026
Cache sync 78 at Sat May  2 02:08:05 UTC 2026
Cache sync 79 at Sat May  2 02:08:05 UTC 2026
Cache sync 1 at Sat May  2 12:56:26 UTC 2026
Cache sync 2 at Sat May  2 12:56:26 UTC 2026
Cache sync 3 at Sat May  2 12:56:26 UTC 2026
Cache sync 4 at Sat May  2 12:56:26 UTC 2026
Cache sync 5 at Sat May  2 12:56:26 UTC 2026
Cache sync 6 at Sat May  2 12:56:26 UTC 2026
Cache sync 7 at Sat May  2 12:56:26 UTC 2026
Cache sync 8 at Sat May  2 12:56:26 UTC 2026
Cache sync 9 at Sat May  2 12:56:26 UTC 2026
Cache sync 10 at Sat May  2 12:56:26 UTC 2026
Cache sync 11 at Sat May  2 12:56:26 UTC 2026
Cache sync 12 at Sat May  2 12:56:26 UTC 2026
Cache sync 1 at Sun May  3 02:14:22 UTC 2026
Cache sync 2 at Sun May  3 02:14:22 UTC 2026
Cache sync 3 at Sun May  3 02:14:22 UTC 2026
Cache sync 4 at Sun May  3 02:14:22 UTC 2026
Cache sync 5 at Sun May  3 02:14:22 UTC 2026
Cache sync 6 at Sun May  3 02:14:22 UTC 2026
Cache sync 7 at Sun May  3 02:14:22 UTC 2026
Cache sync 8 at Sun May  3 02:14:22 UTC 2026
Cache sync 9 at Sun May  3 02:14:22 UTC 2026
Cache sync 10 at Sun May  3 02:14:22 UTC 2026
Cache sync 11 at Sun May  3 02:14:22 UTC 2026
Cache sync 12 at Sun May  3 02:14:22 UTC 2026
Cache sync 13 at Sun May  3 02:14:22 UTC 2026
Cache sync 14 at Sun May  3 02:14:22 UTC 2026
Cache sync 15 at Sun May  3 02:14:22 UTC 2026
Cache sync 16 at Sun May  3 02:14:22 UTC 2026
Cache sync 17 at Sun May  3 02:14:22 UTC 2026
Cache sync 18 at Sun May  3 02:14:22 UTC 2026
Cache sync 19 at Sun May  3 02:14:22 UTC 2026
Cache sync 20 at Sun May  3 02:14:22 UTC 2026
Cache sync 21 at Sun May  3 02:14:22 UTC 2026
Cache sync 22 at Sun May  3 02:14:22 UTC 2026
Cache sync 23 at Sun May  3 02:14:22 UTC 2026
Cache sync 1 at Sun May  3 12:56:19 UTC 2026
Cache sync 2 at Sun May  3 12:56:19 UTC 2026
Cache sync 3 at Sun May  3 12:56:19 UTC 2026
Cache sync 4 at Sun May  3 12:56:19 UTC 2026
Cache sync 5 at Sun May  3 12:56:19 UTC 2026
Cache sync 6 at Sun May  3 12:56:19 UTC 2026
Cache sync 7 at Sun May  3 12:56:19 UTC 2026
Cache sync 8 at Sun May  3 12:56:19 UTC 2026
Cache sync 9 at Sun May  3 12:56:19 UTC 2026
Cache sync 10 at Sun May  3 12:56:19 UTC 2026
Cache sync 11 at Sun May  3 12:56:19 UTC 2026
Cache sync 12 at Sun May  3 12:56:19 UTC 2026
Cache sync 13 at Sun May  3 12:56:19 UTC 2026
Cache sync 14 at Sun May  3 12:56:19 UTC 2026
Cache sync 15 at Sun May  3 12:56:19 UTC 2026
Cache sync 16 at Sun May  3 12:56:19 UTC 2026
Cache sync 17 at Sun May  3 12:56:19 UTC 2026
Cache sync 18 at Sun May  3 12:56:19 UTC 2026
Cache sync 19 at Sun May  3 12:56:19 UTC 2026
Cache sync 20 at Sun May  3 12:56:19 UTC 2026
Cache sync 21 at Sun May  3 12:56:19 UTC 2026
Cache sync 22 at Sun May  3 12:56:19 UTC 2026
Cache sync 23 at Sun May  3 12:56:19 UTC 2026
Cache sync 24 at Sun May  3 12:56:19 UTC 2026
Cache sync 25 at Sun May  3 12:56:19 UTC 2026
Cache sync 26 at Sun May  3 12:56:19 UTC 2026
Cache sync 27 at Sun May  3 12:56:19 UTC 2026
Cache sync 28 at Sun May  3 12:56:19 UTC 2026
Cache sync 29 at Sun May  3 12:56:19 UTC 2026
Cache sync 30 at Sun May  3 12:56:19 UTC 2026
Cache sync 31 at Sun May  3 12:56:19 UTC 2026
Cache sync 32 at Sun May  3 12:56:19 UTC 2026
Cache sync 33 at Sun May  3 12:56:19 UTC 2026
Cache sync 34 at Sun May  3 12:56:19 UTC 2026
Cache sync 35 at Sun May  3 12:56:19 UTC 2026
Cache sync 36 at Sun May  3 12:56:19 UTC 2026
Cache sync 37 at Sun May  3 12:56:19 UTC 2026
Cache sync 38 at Sun May  3 12:56:19 UTC 2026
Cache sync 39 at Sun May  3 12:56:19 UTC 2026
Cache sync 40 at Sun May  3 12:56:19 UTC 2026
Cache sync 41 at Sun May  3 12:56:19 UTC 2026
Cache sync 42 at Sun May  3 12:56:19 UTC 2026
Cache sync 43 at Sun May  3 12:56:19 UTC 2026
Cache sync 44 at Sun May  3 12:56:19 UTC 2026
Cache sync 45 at Sun May  3 12:56:19 UTC 2026
Cache sync 46 at Sun May  3 12:56:19 UTC 2026
Cache sync 47 at Sun May  3 12:56:19 UTC 2026
Cache sync 48 at Sun May  3 12:56:19 UTC 2026
Cache sync 49 at Sun May  3 12:56:19 UTC 2026
Cache sync 50 at Sun May  3 12:56:19 UTC 2026
Cache sync 51 at Sun May  3 12:56:19 UTC 2026
Cache sync 52 at Sun May  3 12:56:19 UTC 2026
Cache sync 53 at Sun May  3 12:56:19 UTC 2026
Cache sync 54 at Sun May  3 12:56:19 UTC 2026
Cache sync 55 at Sun May  3 12:56:19 UTC 2026
Cache sync 56 at Sun May  3 12:56:19 UTC 2026
Cache sync 57 at Sun May  3 12:56:19 UTC 2026
Cache sync 58 at Sun May  3 12:56:19 UTC 2026
Cache sync 59 at Sun May  3 12:56:19 UTC 2026
Cache sync 60 at Sun May  3 12:56:19 UTC 2026
Cache sync 61 at Sun May  3 12:56:19 UTC 2026
Cache sync 62 at Sun May  3 12:56:19 UTC 2026
Cache sync 63 at Sun May  3 12:56:19 UTC 2026
Cache sync 64 at Sun May  3 12:56:19 UTC 2026
Cache sync 65 at Sun May  3 12:56:19 UTC 2026
Cache sync 66 at Sun May  3 12:56:19 UTC 2026
Cache sync 67 at Sun May  3 12:56:19 UTC 2026
Cache sync 68 at Sun May  3 12:56:19 UTC 2026
Cache sync 69 at Sun May  3 12:56:19 UTC 2026
Cache sync 70 at Sun May  3 12:56:19 UTC 2026
Cache sync 71 at Sun May  3 12:56:19 UTC 2026
Cache sync 72 at Sun May  3 12:56:19 UTC 2026
Cache sync 73 at Sun May  3 12:56:19 UTC 2026
Cache sync 74 at Sun May  3 12:56:19 UTC 2026
Cache sync 75 at Sun May  3 12:56:19 UTC 2026
Cache sync 76 at Sun May  3 12:56:19 UTC 2026
Cache sync 77 at Sun May  3 12:56:19 UTC 2026
Cache sync 78 at Sun May  3 12:56:19 UTC 2026
Cache sync 79 at Sun May  3 12:56:19 UTC 2026
Cache sync 80 at Sun May  3 12:56:19 UTC 2026
Cache sync 81 at Sun May  3 12:56:19 UTC 2026
Cache sync 82 at Sun May  3 12:56:19 UTC 2026
Cache sync 83 at Sun May  3 12:56:19 UTC 2026
Cache sync 1 at Mon May  4 02:13:13 UTC 2026
Cache sync 2 at Mon May  4 02:13:13 UTC 2026
Cache sync 3 at Mon May  4 02:13:13 UTC 2026
